<?xml version="1.0" encoding="UTF-8"?>
<!-- Generated by org.testng.reporters.JUnitXMLReporter -->
<testsuite ignored="0" hostname="DESKTOP-G0D5220" failures="0" tests="4" name="logintestcases" time="27.228" errors="0" timestamp="2022-06-18T14:36:24 IST">
  <testcase classname="loginTestCases.BothCorrect" name="loginwithBothcorrect" time="9.378"/>
  <testcase classname="loginTestCases.BothIncorrect" name="loginwithBothIncorrect" time="5.749"/>
  <testcase classname="loginTestCases.CorrectPassword" name="loginwithcorrectpassword" time="5.941"/>
  <testcase classname="loginTestCases.CorrectUsername" name="loginwithcorrectusername" time="6.089"/>
</testsuite> <!-- logintestcases -->
