<?xml version="1.0" encoding="UTF-8"?>
<!-- Generated by org.testng.reporters.JUnitXMLReporter -->
<testsuite ignored="0" hostname="DESKTOP-G0D5220" failures="0" tests="4" name="Default test" time="57.411" errors="0" timestamp="2022-07-19T12:16:05 IST">
  <testcase classname="loginTestCases.DatadrivenInfomats" name="fnull" time="1.872"/>
  <testcase classname="loginTestCases.DatadrivenInfomats" name="fillegal" time="1.069"/>
  <testcase classname="loginTestCases.DatadrivenInfomats" name="finvalid" time="17.005"/>
  <testcase classname="loginTestCases.DatadrivenInfomats" name="fvalid" time="22.823"/>
</testsuite> <!-- Default test -->
