<?xml version="1.0" encoding="UTF-8"?>
<!-- Generated by org.testng.reporters.JUnitXMLReporter -->
<testsuite ignored="0" hostname="DESKTOP-G0D5220" failures="0" tests="4" name="loginTestCases" time="27.478" errors="0" timestamp="2022-06-18T14:29:04 IST">
  <testcase classname="loginTestCases.BothCorrect" name="loginwithBothcorrect" time="9.484"/>
  <testcase classname="loginTestCases.BothIncorrect" name="loginwithBothIncorrect" time="6.136"/>
  <testcase classname="loginTestCases.CorrectPassword" name="loginwithcorrectpassword" time="5.881"/>
  <testcase classname="loginTestCases.CorrectUsername" name="loginwithcorrectusername" time="5.924"/>
</testsuite> <!-- loginTestCases -->
