<?xml version="1.0" encoding="UTF-8"?>
<testng-results ignored="0" total="4" passed="4" failed="0" skipped="0">
  <reporter-output>
  </reporter-output>
  <suite started-at="2022-07-19T12:15:08 IST" name="Default suite" finished-at="2022-07-19T12:16:05 IST" duration-ms="57411">
    <groups>
    </groups>
    <test started-at="2022-07-19T12:15:08 IST" name="Default test" finished-at="2022-07-19T12:16:05 IST" duration-ms="57411">
      <class name="loginTestCases.DatadrivenInfomats">
        <test-method is-config="true" signature="beforeClass()[pri:0, instance:loginTestCases.DatadrivenInfomats@48e4374]" started-at="2022-07-19T12:15:08 IST" name="beforeClass" finished-at="2022-07-19T12:15:17 IST" duration-ms="9449" status="PASS">
          <reporter-output>
          </reporter-output>
        </test-method> <!-- beforeClass -->
        <test-method signature="fnull()[pri:0, instance:loginTestCases.DatadrivenInfomats@48e4374]" started-at="2022-07-19T12:15:17 IST" name="fnull" finished-at="2022-07-19T12:15:19 IST" duration-ms="1872" status="PASS">
          <reporter-output>
          </reporter-output>
        </test-method> <!-- fnull -->
        <test-method signature="fillegal()[pri:1, instance:loginTestCases.DatadrivenInfomats@48e4374]" started-at="2022-07-19T12:15:19 IST" name="fillegal" finished-at="2022-07-19T12:15:20 IST" duration-ms="1069" status="PASS">
          <reporter-output>
          </reporter-output>
        </test-method> <!-- fillegal -->
        <test-method signature="finvalid()[pri:2, instance:loginTestCases.DatadrivenInfomats@48e4374]" started-at="2022-07-19T12:15:20 IST" name="finvalid" finished-at="2022-07-19T12:15:37 IST" duration-ms="17005" status="PASS">
          <reporter-output>
          </reporter-output>
        </test-method> <!-- finvalid -->
        <test-method signature="fvalid()[pri:3, instance:loginTestCases.DatadrivenInfomats@48e4374]" started-at="2022-07-19T12:15:37 IST" name="fvalid" finished-at="2022-07-19T12:16:00 IST" duration-ms="22823" status="PASS">
          <reporter-output>
          </reporter-output>
        </test-method> <!-- fvalid -->
        <test-method is-config="true" signature="afterClass()[pri:0, instance:loginTestCases.DatadrivenInfomats@48e4374]" started-at="2022-07-19T12:16:00 IST" name="afterClass" finished-at="2022-07-19T12:16:05 IST" duration-ms="5129" status="PASS">
          <reporter-output>
          </reporter-output>
        </test-method> <!-- afterClass -->
      </class> <!-- loginTestCases.DatadrivenInfomats -->
    </test> <!-- Default test -->
  </suite> <!-- Default suite -->
</testng-results>
